#
# There is insufficient memory for the Java Runtime Environment to continue.
# Native memory allocation (mmap) failed to map 65011712 bytes for G1 virtual space
# Possible reasons:
#   The system is out of physical RAM or swap space
#   The process is running with CompressedOops enabled, and the Java Heap may be blocking the growth of the native heap
# Possible solutions:
#   Reduce memory load on the system
#   Increase physical memory or swap space
#   Check if swap backing store is full
#   Decrease Java heap size (-Xmx/-Xms)
#   Decrease number of Java threads
#   Decrease Java thread stack sizes (-Xss)
#   Set larger code cache with -XX:ReservedCodeCacheSize=
#   JVM is running with Unscaled Compressed Oops mode in which the Java heap is
#     placed in the first 4GB address space. The Java Heap base address is the
#     maximum limit for the native heap growth. Please use -XX:HeapBaseMinAddress
#     to set the Java Heap base and to place the Java Heap above 4GB virtual address.
# This output file may be truncated or incomplete.
#
#  Out of Memory Error (os_windows.cpp:3600), pid=16764, tid=16324
#
# JRE version:  (21.0+35) (build )
# Java VM: Java HotSpot(TM) 64-Bit Server VM (21+35-LTS-2513, mixed mode, sharing, tiered, compressed oops, compressed class ptrs, g1 gc, windows-amd64)
# No core dump will be written. Minidumps are not enabled by default on client versions of Windows
#

---------------  S U M M A R Y ------------

Command Line: -Dfile.encoding=UTF-8 -Dstdout.encoding=UTF-8 -Dstderr.encoding=UTF-8 --module-path=C:\Users\HP\eclipse-workspace\GymManagmentSystem\bin -XX:+ShowCodeDetailsInExceptionMessages -Djdk.module.main=GymManagmentSystem GymManagmentSystem/GymManagmentSystem.Managment

Host: Intel(R) Core(TM) i3-7100U CPU @ 2.40GHz, 4 cores, 3G,  Windows 10 , 64 bit Build 19041 (10.0.19041.3636)
Time: Wed May  8 02:43:59 2024 Egypt Daylight Time elapsed time: 0.022016 seconds (0d 0h 0m 0s)

---------------  T H R E A D  ---------------

Current thread (0x0000024eefd46c90):  JavaThread "Unknown thread" [_thread_in_vm, id=16324, stack(0x000000cee6000000,0x000000cee6100000) (1024K)]

Stack: [0x000000cee6000000,0x000000cee6100000]
Native frames: (J=compiled Java code, j=interpreted, Vv=VM code, C=native code)
V  [jvm.dll+0x6c8d39]
V  [jvm.dll+0x854091]
V  [jvm.dll+0x85630e]
V  [jvm.dll+0x8569e3]
V  [jvm.dll+0x2809a6]
V  [jvm.dll+0x6c5425]
V  [jvm.dll+0x6b9e1a]
V  [jvm.dll+0x3555ba]
V  [jvm.dll+0x35d206]
V  [jvm.dll+0x3adf6e]
V  [jvm.dll+0x3ae218]
V  [jvm.dll+0x328fcc]
V  [jvm.dll+0x329b5b]
V  [jvm.dll+0x81c699]
V  [jvm.dll+0x3bb2a1]
V  [jvm.dll+0x805688]
V  [jvm.dll+0x44ed9e]
V  [jvm.dll+0x4506a1]
C  [jli.dll+0x52a3]
C  [ucrtbase.dll+0x21bb2]
C  [KERNEL32.DLL+0x17344]
C  [ntdll.dll+0x526b1]


---------------  P R O C E S S  ---------------

Threads class SMR info:
_java_thread_list=0x00007fff29e07b48, length=0, elements={
}

Java Threads: ( => current thread )
Total: 0

Other Threads:
  0x0000024ef1efdb80 WorkerThread "GC Thread#0"                     [id=336, stack(0x000000cee6100000,0x000000cee6200000) (1024K)]
  0x0000024ef1f07f40 ConcurrentGCThread "G1 Main Marker"            [id=12008, stack(0x000000cee6200000,0x000000cee6300000) (1024K)]
  0x0000024ef1f08a40 WorkerThread "G1 Conc#0"                       [id=20428, stack(0x000000cee6300000,0x000000cee6400000) (1024K)]

[error occurred during error reporting (printing all threads), id 0xc0000005, EXCEPTION_ACCESS_VIOLATION (0xc0000005) at pc=0x00007fff2957c097]
VM state: not at safepoint (not fully initialized)

VM Mutex/Monitor currently owned by a thread:  ([mutex/lock_event])
[0x00007fff29e78648] Heap_lock - owner thread: 0x0000024eefd46c90

Heap address: 0x00000000c2200000, size: 990 MB, Compressed Oops mode: 32-bit

CDS archive(s) mapped at: [0x0000000000000000-0x0000000000000000-0x0000000000000000), size 0, SharedBaseAddress: 0x0000000800000000, ArchiveRelocationMode: 1.
Narrow klass base: 0x0000000000000000, Narrow klass shift: 0, Narrow klass range: 0x0

GC Precious Log:
 CardTable entry size: 512
 Card Set container configuration: InlinePtr #cards 5 size 8 Array Of Cards #cards 12 size 40 Howl #buckets 4 coarsen threshold 1843 Howl Bitmap #cards 512 size 80 coarsen threshold 460 Card regions per heap region 1 cards per card region 2048

Heap:
 garbage-first heap   total 0K, used 0K [0x00000000c2200000, 0x0000000100000000)
  region size 1024K, 0 young (0K), 0 survivors (0K)

[error occurred during error reporting (printing heap information), id 0xc0000005, EXCEPTION_ACCESS_VIOLATION (0xc0000005) at pc=0x00007fff29961939]
GC Heap History (0 events):
No events

Dll operation events (1 events):
Event: 0.012 Loaded shared library C:\Users\HP\Downloads\jdk-21_windows-x64_bin\jdk-21\bin\java.dll

Deoptimization events (0 events):
No events

Classes loaded (0 events):
No events

Classes unloaded (0 events):
No events

Classes redefined (0 events):
No events

Internal exceptions (0 events):
No events

ZGC Phase Switch (0 events):
No events

VM Operations (0 events):
No events

Events (0 events):
No events


Dynamic libraries:
0x00007ff7aa5f0000 - 0x00007ff7aa600000 	C:\Users\HP\Downloads\jdk-21_windows-x64_bin\jdk-21\bin\javaw.exe
0x00007fff789d0000 - 0x00007fff78bc8000 	C:\Windows\SYSTEM32\ntdll.dll
0x00007fff76fd0000 - 0x00007fff7708d000 	C:\Windows\System32\KERNEL32.DLL
0x00007fff76300000 - 0x00007fff765f6000 	C:\Windows\System32\KERNELBASE.dll
0x00007fff76140000 - 0x00007fff76240000 	C:\Windows\System32\ucrtbase.dll
0x00007fff4bf90000 - 0x00007fff4bfab000 	C:\Users\HP\Downloads\jdk-21_windows-x64_bin\jdk-21\bin\VCRUNTIME140.dll
0x00007fff54aa0000 - 0x00007fff54ab9000 	C:\Users\HP\Downloads\jdk-21_windows-x64_bin\jdk-21\bin\jli.dll
0x00007fff76a00000 - 0x00007fff76ab0000 	C:\Windows\System32\ADVAPI32.dll
0x00007fff783c0000 - 0x00007fff7845e000 	C:\Windows\System32\msvcrt.dll
0x00007fff76e10000 - 0x00007fff76eb0000 	C:\Windows\System32\sechost.dll
0x00007fff781e0000 - 0x00007fff78303000 	C:\Windows\System32\RPCRT4.dll
0x00007fff769d0000 - 0x00007fff769f7000 	C:\Windows\System32\bcrypt.dll
0x00007fff77f60000 - 0x00007fff780ff000 	C:\Windows\System32\USER32.dll
0x00007fff76240000 - 0x00007fff76262000 	C:\Windows\System32\win32u.dll
0x00007fff77940000 - 0x00007fff7796b000 	C:\Windows\System32\GDI32.dll
0x00007fff76760000 - 0x00007fff76877000 	C:\Windows\System32\gdi32full.dll
0x00007fff64bd0000 - 0x00007fff64e6a000 	C:\Windows\WinSxS\amd64_microsoft.windows.common-controls_6595b64144ccf1df_6.0.19041.3636_none_60b6a03d71f818d5\COMCTL32.dll
0x00007fff76930000 - 0x00007fff769cd000 	C:\Windows\System32\msvcp_win.dll
0x00007fff68760000 - 0x00007fff6876a000 	C:\Windows\SYSTEM32\VERSION.dll
0x00007fff77aa0000 - 0x00007fff77ad2000 	C:\Windows\System32\IMM32.DLL
0x00007fff699a0000 - 0x00007fff699ac000 	C:\Users\HP\Downloads\jdk-21_windows-x64_bin\jdk-21\bin\vcruntime140_1.dll
0x00007fff41b50000 - 0x00007fff41bde000 	C:\Users\HP\Downloads\jdk-21_windows-x64_bin\jdk-21\bin\msvcp140.dll
0x00007fff29240000 - 0x00007fff29f53000 	C:\Users\HP\Downloads\jdk-21_windows-x64_bin\jdk-21\bin\server\jvm.dll
0x00007fff77ae0000 - 0x00007fff77b4b000 	C:\Windows\System32\WS2_32.dll
0x00007fff75e30000 - 0x00007fff75e7b000 	C:\Windows\SYSTEM32\POWRPROF.dll
0x00007fff5ec70000 - 0x00007fff5ec97000 	C:\Windows\SYSTEM32\WINMM.dll
0x00007fff75e10000 - 0x00007fff75e22000 	C:\Windows\SYSTEM32\UMPDC.dll
0x00007fff748a0000 - 0x00007fff748b2000 	C:\Windows\SYSTEM32\kernel.appcore.dll
0x00007fff58c30000 - 0x00007fff58c3a000 	C:\Users\HP\Downloads\jdk-21_windows-x64_bin\jdk-21\bin\jimage.dll
0x00007fff73e20000 - 0x00007fff74004000 	C:\Windows\SYSTEM32\DBGHELP.DLL
0x00007fff550d0000 - 0x00007fff55104000 	C:\Windows\SYSTEM32\dbgcore.DLL
0x00007fff76270000 - 0x00007fff762f2000 	C:\Windows\System32\bcryptPrimitives.dll
0x00007fff4bf50000 - 0x00007fff4bf6f000 	C:\Users\HP\Downloads\jdk-21_windows-x64_bin\jdk-21\bin\java.dll

dbghelp: loaded successfully - version: 4.0.5 - missing functions: none
symbol engine: initialized successfully - sym options: 0x614 - pdb path: .;C:\Users\HP\Downloads\jdk-21_windows-x64_bin\jdk-21\bin;C:\Windows\SYSTEM32;C:\Windows\WinSxS\amd64_microsoft.windows.common-controls_6595b64144ccf1df_6.0.19041.3636_none_60b6a03d71f818d5;C:\Users\HP\Downloads\jdk-21_windows-x64_bin\jdk-21\bin\server

VM Arguments:
jvm_args: -Dfile.encoding=UTF-8 -Dstdout.encoding=UTF-8 -Dstderr.encoding=UTF-8 --module-path=C:\Users\HP\eclipse-workspace\GymManagmentSystem\bin -XX:+ShowCodeDetailsInExceptionMessages -Djdk.module.main=GymManagmentSystem 
java_command: GymManagmentSystem/GymManagmentSystem.Managment
java_class_path (initial): <not set>
Launcher Type: SUN_STANDARD

[Global flags]
     intx CICompilerCount                          = 3                                         {product} {ergonomic}
     uint ConcGCThreads                            = 1                                         {product} {ergonomic}
     uint G1ConcRefinementThreads                  = 4                                         {product} {ergonomic}
   size_t G1HeapRegionSize                         = 1048576                                   {product} {ergonomic}
    uintx GCDrainStackTargetSize                   = 64                                        {product} {ergonomic}
   size_t InitialHeapSize                          = 65011712                                  {product} {ergonomic}
   size_t MarkStackSize                            = 4194304                                   {product} {ergonomic}
   size_t MaxHeapSize                              = 1038090240                                {product} {ergonomic}
   size_t MinHeapDeltaBytes                        = 1048576                                   {product} {ergonomic}
   size_t MinHeapSize                              = 8388608                                   {product} {ergonomic}
    uintx NonNMethodCodeHeapSize                   = 5832780                                {pd product} {ergonomic}
    uintx NonProfiledCodeHeapSize                  = 122912730                              {pd product} {ergonomic}
    uintx ProfiledCodeHeapSize                     = 122912730                              {pd product} {ergonomic}
    uintx ReservedCodeCacheSize                    = 251658240                              {pd product} {ergonomic}
     bool SegmentedCodeCache                       = true                                      {product} {ergonomic}
     bool ShowCodeDetailsInExceptionMessages       = true                                   {manageable} {command line}
   size_t SoftMaxHeapSize                          = 1038090240                             {manageable} {ergonomic}
     bool UseCompressedOops                        = true                           {product lp64_product} {ergonomic}
     bool UseG1GC                                  = true                                      {product} {ergonomic}
     bool UseLargePagesIndividualAllocation        = false                                  {pd product} {ergonomic}

Logging:
Log output configuration:
 #0: stdout all=warning uptime,level,tags foldmultilines=false
 #1: stderr all=off uptime,level,tags foldmultilines=false

Environment Variables:
PATH=C:/Users/HP/Downloads/eclipse-java-2023-09-R-win32-x86_64/eclipse//plugins/org.eclipse.justj.openjdk.hotspot.jre.full.win32.x86_64_17.0.8.v20230831-1047/jre/bin/server;C:/Users/HP/Downloads/eclipse-java-2023-09-R-win32-x86_64/eclipse//plugins/org.eclipse.justj.openjdk.hotspot.jre.full.win32.x86_64_17.0.8.v20230831-1047/jre/bin;C:\Program Files\Common Files\Oracle\Java\javapath;C:\Windows\system32;C:\Windows;C:\Windows\System32\Wbem;C:\Windows\System32\WindowsPowerShell\v1.0\;C:\Windows\System32\OpenSSH\;C:\Users\HP\AppData\Local\Microsoft\WindowsApps;;C:\Users\HP\AppData\Local\Programs\Microsoft VS Code\bin;C:\Users\HP\Downloads\eclipse-java-2023-09-R-win32-x86_64\eclipse;
USERNAME=HP
OS=Windows_NT
PROCESSOR_IDENTIFIER=Intel64 Family 6 Model 142 Stepping 9, GenuineIntel
TMP=C:\Users\HP\AppData\Local\Temp
TEMP=C:\Users\HP\AppData\Local\Temp




---------------  S Y S T E M  ---------------

OS:
 Windows 10 , 64 bit Build 19041 (10.0.19041.3636)
OS uptime: 11 days 4:16 hours

CPU: total 4 (initial active 4) (2 cores per cpu, 2 threads per core) family 6 model 142 stepping 9 microcode 0xf0, cx8, cmov, fxsr, ht, mmx, 3dnowpref, sse, sse2, sse3, ssse3, sse4.1, sse4.2, popcnt, lzcnt, tsc, tscinvbit, avx, avx2, aes, erms, clmul, bmi1, bmi2, adx, fma, vzeroupper, clflush, clflushopt, rdtscp, f16c
Processor Information for all 4 processors :
  Max Mhz: 2400, Current Mhz: 2400, Mhz Limit: 2400

Memory: 4k page, system-wide physical 3959M (343M free)
TotalPageFile size 16247M (AvailPageFile size 18M)
current process WorkingSet (physical memory assigned to process): 10M, peak: 10M
current process commit charge ("private bytes"): 51M, peak: 113M

vm_info: Java HotSpot(TM) 64-Bit Server VM (21+35-LTS-2513) for windows-amd64 JRE (21+35-LTS-2513), built on 2023-08-09T20:25:10Z by "mach5one" with MS VC++ 17.1 (VS2022)

END.
